<?xml version="1.0" encoding="UTF-8"?>
<!-- Generated by org.testng.reporters.JUnitReportReporter -->
<testsuite hostname="srini" name="com.common.cucumber.zoho.runners.ValidateCRMFeatureRunner" tests="1" failures="0" timestamp="29 Jul 2019 03:28:15 GMT" time="46.459" errors="0">
  <testcase name="runCukes" time="46.459" classname="com.common.cucumber.zoho.runners.ValidateCRMFeatureRunner"/>
</testsuite> <!-- com.common.cucumber.zoho.runners.ValidateCRMFeatureRunner -->
